<?xml version="1.0" encoding="utf-8"?><testsuites name="pytest tests"><testsuite name="pytest" errors="0" failures="0" skipped="0" tests="37" time="1.127" timestamp="2026-09-26T10:32:15.268086+00:00" hostname="agent-env-9308c378-475c-43b6-b2e7-e39945620e99"><testcase classname="tests.test_fzr_multiline.TestMultiLineFulfill" name="test_two_lines_two_distinct_fulfillments" time="0.017" /><testcase classname="tests.test_fzr_phase3.TestFulfillPreconditions" name="test_payment_not_confirmed_no_provider_order" time="0.006" /><testcase classname="tests.test_fzr_phase3.TestFulfillPreconditions" name="test_unmapped_product_not_eligible" time="0.002" /><testcase classname="tests.test_fzr_phase3.TestFulfillPreconditions" name="test_invalid_player_id_no_order" time="0.004" /><testcase classname="tests.test_fzr_phase3.TestFulfillPreconditions" name="test_provider_down_is_service_error_not_invalid_id" time="0.005" /><testcase classname="tests.test_fzr_multiline.TestMultiLineFulfill" name="test_three_lines_three_fulfillments" time="0.015" /><testcase classname="tests.test_fzr_phase3.TestFulfillPreconditions" name="test_offer_gone_from_live_catalog" time="0.004" /><testcase classname="tests.test_fzr_phase3.TestFulfillPreconditions" name="test_multi_item_order_not_eligible" time="0.002" /><testcase classname="tests.test_fzr_phase3.TestWebhook" name="test_signature_valid" time="0.000" /><testcase classname="tests.test_fzr_phase3.TestWebhook" name="test_signature_invalid_or_missing_secret" time="0.000" /><testcase classname="tests.test_fzr_phase3.TestWebhook" name="test_webhook_event_completes_order" time="0.015" /><testcase classname="tests.test_fzr_multiline.TestMultiLineFulfill" name="test_no_fulfillable_line_no_send" time="0.003" /><testcase classname="tests.test_fzr_multiline.TestMultiLineFulfill" name="test_payment_not_confirmed_no_send" time="0.003" /><testcase classname="tests.test_fzr_multiline.TestMultiLineFulfill" name="test_qty_gt1_line_skipped_others_sent" time="0.008" /><testcase classname="tests.test_fzr_phase3.TestWebhook" name="test_webhook_unknown_order_ignored" time="0.001" /><testcase classname="tests.test_fzr_phase3.TestWebhook" name="test_live_endpoint_rejects_unsigned" time="0.296" /><testcase classname="tests.test_fzr_multiline.TestMultiLineFulfill" name="test_partial_then_second_click_sends_only_remaining" time="0.015" /><testcase classname="tests.test_fzr_multiline.TestMultiLineFulfill" name="test_all_sent_second_click_rejected_no_duplicate" time="0.009" /><testcase classname="tests.test_fzr_multiline.TestMultiLineFulfill" name="test_concurrent_requests_no_duplicate" time="0.009" /><testcase classname="tests.test_fzr_multiline.TestMultiLineFulfill" name="test_partial_status_not_delivered_until_all_completed" time="0.015" /><testcase classname="tests.test_fzr_multiline.TestMultiLineFulfill" name="test_webhook_targets_correct_line" time="0.012" /><testcase classname="tests.test_fzr_multiline.TestMultiLineFulfill" name="test_no_secret_in_batch_response" time="0.009" /><testcase classname="tests.test_fzr_phase3.TestAutoMode" name="test_auto_disabled_by_default_no_order" time="0.003" /><testcase classname="tests.test_fzr_phase3.TestAutoMode" name="test_auto_enabled_creates_order_with_all_checks" time="0.008" /><testcase classname="tests.test_fzr_phase3.TestAutoMode" name="test_auto_kill_switch_off_stops_fulfillment" time="0.002" /><testcase classname="tests.test_fzr_phase3.TestMemorizedIdRevalidation" name="test_revalidation_returns_current_player_name" time="0.001" /><testcase classname="tests.test_fzr_phase3.TestMemorizedIdRevalidation" name="test_id_became_invalid" time="0.001" /><testcase classname="tests.test_fzr_phase3.TestMemorizedIdRevalidation" name="test_service_down_is_not_invalid_id" time="0.001" /><testcase classname="tests.test_fzr_phase3.TestFulfillSuccess" name="test_order_accepted_snapshot_and_provider_id" time="0.007" /><testcase classname="tests.test_fzr_phase3.TestFulfillSuccess" name="test_double_fulfill_rejected" time="0.007" /><testcase classname="tests.test_fzr_phase3.TestStatusSync" name="test_refresh_status_completed_delivers_mgs_order" time="0.011" /><testcase classname="tests.test_fzr_phase3.TestStatusSync" name="test_refresh_without_provider_order_404" time="0.001" /><testcase classname="tests.test_fzr_phase3.TestPriceSnapshot" name="test_price_change_never_touches_past_order" time="0.007" /><testcase classname="tests.test_fzr_phase3.TestPriceSnapshot" name="test_no_secret_in_fulfillment_record" time="0.008" /><testcase classname="tests.test_fzr_phase3.TestIdempotencyRetry" name="test_timeout_then_retry_reuses_same_key" time="0.012" /><testcase classname="tests.test_fzr_phase3.TestIdempotencyRetry" name="test_insufficient_balance_maps_to_409_and_error_state" time="0.005" /><testcase classname="tests.test_fzr_phase3.TestIdempotencyRetry" name="test_provider_5xx_maps_to_502" time="0.006" /></testsuite></testsuites>