<?xml version="1.0" encoding="utf-8"?><testsuites name="pytest tests"><testsuite name="pytest" errors="0" failures="0" skipped="0" tests="10" time="3.133" timestamp="2026-09-21T15:38:44.688935+00:00" hostname="agent-env-4b1b1945-2f3b-445a-8043-3b66042667b4"><testcase classname="tests.test_iter10_papi_auto" name="test_config_papi_auto_off_and_manual_only" time="0.718" /><testcase classname="tests.test_iter10_papi_auto" name="test_order_mvola_rejected_when_papi_off" time="0.146" /><testcase classname="tests.test_iter10_papi_auto" name="test_order_orange_rejected_when_papi_off" time="0.073" /><testcase classname="tests.test_iter10_papi_auto" name="test_manual_order_without_reference_rejected" time="0.071" /><testcase classname="tests.test_iter10_papi_auto" name="test_manual_order_status_awaiting_verification" time="0.072" /><testcase classname="tests.test_iter10_papi_auto" name="test_initiate_refused_when_papi_off" time="0.313" /><testcase classname="tests.test_iter10_papi_auto" name="test_admin_settings_unauthorized_without_admin" time="0.334" /><testcase classname="tests.test_iter10_papi_auto" name="test_admin_settings_toggle_and_mvola_accepted_when_on" time="0.372" /><testcase classname="tests.test_iter10_papi_auto" name="test_admin_verify_flow_and_delete_delivered" time="0.345" /><testcase classname="tests.test_iter10_papi_auto" name="test_admin_cannot_delete_paid_non_delivered" time="0.379" /></testsuite></testsuites>