<?xml version="1.0" encoding="utf-8"?><testsuites name="pytest tests"><testsuite name="pytest" errors="0" failures="0" skipped="0" tests="13" time="10.756" timestamp="2026-09-19T04:02:19.886428+00:00" hostname="agent-env-f7a4393d-8de9-4f90-9731-e1bd51ca9f52"><testcase classname="tests.test_iter4_missing.TestSubscriptionExtras" name="test_prime_then_prime_plus_refused" time="0.730" /><testcase classname="tests.test_iter4_missing.TestPushService" name="test_send_performs_vapid_sign_and_calls_transport" time="0.224" /><testcase classname="tests.test_iter4_missing.TestPushService" name="test_send_push_404_deletes_subscription" time="0.001" /><testcase classname="tests.test_iter4_missing.TestPushService" name="test_send_push_410_deletes_subscription" time="0.001" /><testcase classname="tests.test_iter4_missing.TestPushService" name="test_send_push_500_retains_subscription" time="0.001" /><testcase classname="tests.test_iter4_missing.TestPushService" name="test_send_push_timeout_retains_subscription" time="0.001" /><testcase classname="tests.test_iter4_missing.TestPushService" name="test_notify_new_order_targets_admins_only" time="0.001" /><testcase classname="tests.test_iter4_missing.TestChatPagination" name="test_history_older_than_50_via_before_cursor" time="8.416" /><testcase classname="tests.test_iter4_missing.TestSubscriptionExtras" name="test_mixed_cart_reserves_slot" time="0.626" /><testcase classname="tests.test_iter4_missing.TestSubscriptionExtras" name="test_cancelled_and_failed_still_block" time="0.808" /><testcase classname="tests.test_iter4_missing.TestNewOrderDispatch" name="test_new_order_success_schedules_notify" time="0.398" /><testcase classname="tests.test_iter4_missing.TestChatPagination" name="test_unread_endpoint_returns_zero_for_own_sent_messages" time="0.880" /><testcase classname="tests.test_iter4_missing.TestChatPagination" name="test_admin_reply_creates_unread_for_customer" time="0.843" /></testsuite></testsuites>