<?xml version="1.0" encoding="utf-8"?><testsuites name="pytest tests"><testsuite name="pytest" errors="0" failures="1" skipped="0" tests="13" time="3.768" timestamp="2026-09-19T19:12:38.399083+00:00" hostname="agent-env-f649b138-d151-43a9-a940-9accfd1f4f55"><testcase classname="tests.test_iter8_cookie_push" name="test_login_sets_httponly_cookies_and_me_works" time="0.604" /><testcase classname="tests.test_iter8_cookie_push" name="test_me_unauthenticated_returns_401" time="0.142" /><testcase classname="tests.test_iter8_cookie_push" name="test_chat_unread_requires_auth" time="0.161" /><testcase classname="tests.test_iter8_cookie_push" name="test_chat_unread_authed" time="0.463" /><testcase classname="tests.test_iter8_cookie_push" name="test_refresh_with_only_refresh_cookie" time="0.524" /><testcase classname="tests.test_iter8_cookie_push" name="test_refresh_without_token_returns_401" time="0.165" /><testcase classname="tests.test_iter8_cookie_push" name="test_logout_clears_cookies" time="0.479" /><testcase classname="tests.test_iter8_cookie_push" name="test_push_config_admin" time="0.071" /><testcase classname="tests.test_iter8_cookie_push" name="test_push_config_unauth_401" time="0.136" /><testcase classname="tests.test_iter8_cookie_push" name="test_push_config_customer_forbidden" time="0.440" /><testcase classname="tests.test_iter8_cookie_push" name="test_push_subscription_reject_bad_host" time="0.065" /><testcase classname="tests.test_iter8_cookie_push" name="test_push_subscription_register_status_delete" time="0.069"><failure message="AssertionError: {&quot;detail&quot;:[{&quot;type&quot;:&quot;value_error&quot;,&quot;loc&quot;:[&quot;body&quot;,&quot;keys&quot;,&quot;p256dh&quot;],&quot;msg&quot;:&quot;Value error, Clé Push invalide.&quot;,&quot;input&quot;:&quot;BOJyPBv1V_YzLxE_5xW1JqXQK1VUu0DcCd7v9NnzOD6mV8O0k0N87rH37w3PZm7hFmZDpKn2vqR3G5v7f4Ex5Vc&quot;,&quot;ctx&quot;:{&quot;error&quot;:{}},&quot;url&quot;:&quot;https://errors.pydantic.dev/2.13/v/value_error&quot;}]}&#10;assert 422 == 200&#10; +  where 422 = &lt;Response [422]&gt;.status_code">backend/tests/test_iter8_cookie_push.py:146: in test_push_subscription_register_status_delete
    assert r.status_code == 200, r.text
E   AssertionError: {"detail":[{"type":"value_error","loc":["body","keys","p256dh"],"msg":"Value error, Clé Push invalide.","input":"BOJyPBv1V_YzLxE_5xW1JqXQK1VUu0DcCd7v9NnzOD6mV8O0k0N87rH37w3PZm7hFmZDpKn2vqR3G5v7f4Ex5Vc","ctx":{"error":{}},"url":"https://errors.pydantic.dev/2.13/v/value_error"}]}
E   assert 422 == 200
E    +  where 422 = &lt;Response [422]&gt;.status_code</failure></testcase><testcase classname="tests.test_iter8_cookie_push" name="test_push_test_not_missing_config" time="0.065" /></testsuite></testsuites>