<?xml version="1.0" encoding="utf-8"?><testsuites name="pytest tests"><testsuite name="pytest" errors="0" failures="0" skipped="1" tests="33" time="13.269" timestamp="2026-09-21T18:32:24.497797+00:00" hostname="agent-env-4b1b1945-2f3b-445a-8043-3b66042667b4"><testcase classname="tests.test_iter11_admin_users.TestUnauthenticated" name="test_admin_users_list_requires_auth" time="0.171" /><testcase classname="tests.test_iter11_admin_users.TestCustomerForbidden" name="test_customer_cannot_list_users" time="0.516" /><testcase classname="tests.test_iter11_admin_users.TestCustomerForbidden" name="test_customer_cannot_get_user_detail" time="0.164" /><testcase classname="tests.test_iter11_admin_users.TestCustomerForbidden" name="test_customer_cannot_patch_status" time="0.170" /><testcase classname="tests.test_iter11_admin_users.TestCustomerForbidden" name="test_customer_cannot_patch_role" time="0.141" /><testcase classname="tests.test_iter11_admin_users.TestCustomerForbidden" name="test_customer_cannot_patch_permissions" time="2.676" /><testcase classname="tests.test_iter11_admin_users.TestCustomerForbidden" name="test_customer_cannot_delete_user" time="0.135" /><testcase classname="tests.test_iter11_admin_users.TestSuperAdminList" name="test_list_pagination_and_filters" time="0.617" /><testcase classname="tests.test_iter11_admin_users.TestSuperAdminList" name="test_list_search_by_email" time="0.158" /><testcase classname="tests.test_iter11_admin_users.TestSuperAdminList" name="test_filter_role" time="0.160" /><testcase classname="tests.test_iter11_admin_users.TestPromotion" name="test_promote_customer_to_admin" time="0.800" /><testcase classname="tests.test_iter11_admin_users.TestPromotion" name="test_orders_delete_never_granted" time="0.202" /><testcase classname="tests.test_iter11_admin_users.TestPromotion" name="test_cannot_promote_to_super_admin" time="0.184" /><testcase classname="tests.test_iter11_admin_users.TestPromotion" name="test_old_delegated_token_invalidated" time="0.185" /><testcase classname="tests.test_iter11_admin_users.TestDelegatedAdmin" name="test_delegated_can_list_users" time="0.553" /><testcase classname="tests.test_iter11_admin_users.TestDelegatedAdmin" name="test_delegated_cannot_patch_role" time="0.153" /><testcase classname="tests.test_iter11_admin_users.TestDelegatedAdmin" name="test_delegated_cannot_patch_permissions_even_own" time="0.171" /><testcase classname="tests.test_iter11_admin_users.TestDelegatedAdmin" name="test_delegated_cannot_delete_order" time="0.268" /><testcase classname="tests.test_iter11_admin_users.TestDelegatedAdmin" name="test_delegated_without_catalog_cannot_create_product" time="0.147" /><testcase classname="tests.test_iter11_admin_users.TestDelegatedAdmin" name="test_delegated_without_events_cannot_manage" time="0.446" /><testcase classname="tests.test_iter11_admin_users.TestDelegatedAdmin" name="test_delegated_can_patch_orders" time="0.200" /><testcase classname="tests.test_iter11_admin_users.TestSuperAdminProtection" name="test_cannot_block_super_admin" time="0.338" /><testcase classname="tests.test_iter11_admin_users.TestSuperAdminProtection" name="test_cannot_delete_super_admin" time="0.303" /><testcase classname="tests.test_iter11_admin_users.TestSuperAdminProtection" name="test_cannot_change_own_role" time="0.282" /><testcase classname="tests.test_iter11_admin_users.TestBlockUnblock" name="test_block_and_unblock_customer" time="1.160" /><testcase classname="tests.test_iter11_admin_users.TestIDOR" name="test_get_nonexistent_user" time="1.223" /><testcase classname="tests.test_iter11_admin_users.TestOrdersDeletion" name="test_super_admin_delete_paid_non_delivered_returns_409" time="0.182"><skipped type="pytest.skip" message="No paid non-delivered order available">/app/backend/tests/test_iter11_admin_users.py:279: No paid non-delivered order available</skipped></testcase><testcase classname="tests.test_iter11_admin_users.TestRegression" name="test_payments_config_papi_auto_off" time="0.149" /><testcase classname="tests.test_iter11_admin_users.TestRegression" name="test_auth_me_super_admin" time="0.199" /><testcase classname="tests.test_iter11_admin_users.TestRegression" name="test_loyalty_me_customer" time="0.233" /><testcase classname="tests.test_iter11_admin_users.TestRevokeAndAnonymize" name="test_revoke_delegated_admin" time="0.286" /><testcase classname="tests.test_iter11_admin_users.TestRevokeAndAnonymize" name="test_anonymize_customer" time="0.466" /><testcase classname="tests.test_iter11_admin_users.TestRevokeAndAnonymize" name="test_audit_contains_expected_actions" time="0.130" /></testsuite></testsuites>