<?xml version="1.0" encoding="utf-8"?><testsuites name="pytest tests"><testsuite name="pytest" errors="0" failures="0" skipped="0" tests="14" time="6.940" timestamp="2026-09-25T05:04:10.169301+00:00" hostname="agent-env-9308c378-475c-43b6-b2e7-e39945620e99"><testcase classname="tests.test_fazercards_validate.TestLiveEndpoint" name="test_valid_id_returns_player_name" time="3.020" /><testcase classname="tests.test_fazercards_validate.TestServiceErrors" name="test_missing_key_returns_503" time="0.001" /><testcase classname="tests.test_fazercards_validate.TestServiceErrors" name="test_invalid_key_maps_to_502_provider_error" time="0.001" /><testcase classname="tests.test_fazercards_validate.TestServiceErrors" name="test_timeout_maps_to_504" time="0.001" /><testcase classname="tests.test_fazercards_validate.TestServiceErrors" name="test_network_error_maps_to_502" time="0.001" /><testcase classname="tests.test_fazercards_validate.TestServiceErrors" name="test_unexpected_response_maps_to_502" time="0.001" /><testcase classname="tests.test_fazercards_validate.TestServiceErrors" name="test_provider_5xx_maps_to_502" time="0.001" /><testcase classname="tests.test_fazercards_validate.TestServiceErrors" name="test_valid_response_parsed_with_player_name" time="0.001" /><testcase classname="tests.test_fazercards_validate.TestServiceErrors" name="test_invalid_id_parsed" time="0.001" /><testcase classname="tests.test_fazercards_validate.TestServiceErrors" name="test_pubg_not_in_discovery_maps_to_503" time="0.001" /><testcase classname="tests.test_fazercards_validate.TestLiveEndpoint" name="test_invalid_id_returns_valid_false" time="1.485" /><testcase classname="tests.test_fazercards_validate.TestLiveEndpoint" name="test_empty_id_rejected_422" time="0.002" /><testcase classname="tests.test_fazercards_validate.TestLiveEndpoint" name="test_malformed_id_rejected_422" time="0.006" /><testcase classname="tests.test_fazercards_validate.TestLiveEndpoint" name="test_no_secret_or_raw_leak_in_response" time="1.477" /></testsuite></testsuites>