<?xml version="1.0" encoding="utf-8"?><testsuites name="pytest tests"><testsuite name="pytest" errors="0" failures="0" skipped="0" tests="17" time="9.906" timestamp="2026-09-23T04:29:53.634891+00:00" hostname="agent-env-ba268c88-4470-47ec-b243-a8ca5fa1a6de"><testcase classname="tests.test_iter12_evo_pack" name="test_products_evo_returns_4_offers" time="0.189" /><testcase classname="tests.test_iter12_evo_pack" name="test_evo_season_endpoint" time="0.160" /><testcase classname="tests.test_iter12_evo_pack" name="test_eligibility_new_id" time="0.151" /><testcase classname="tests.test_iter12_evo_pack" name="test_eligibility_invalid_pubg" time="0.329" /><testcase classname="tests.test_iter12_evo_pack" name="test_eligibility_unknown_product" time="0.163" /><testcase classname="tests.test_iter12_evo_pack" name="test_fragments_materiaux_season_flow" time="1.807" /><testcase classname="tests.test_iter12_evo_pack" name="test_new_season_frees_id" time="1.019" /><testcase classname="tests.test_iter12_evo_pack" name="test_premier_achat_lifetime" time="0.804" /><testcase classname="tests.test_iter12_evo_pack" name="test_embleme_mythique_week" time="0.502" /><testcase classname="tests.test_iter12_evo_pack" name="test_concurrent_orders_same_id" time="0.306" /><testcase classname="tests.test_iter12_evo_pack" name="test_evo_quantity_2_rejected" time="0.302" /><testcase classname="tests.test_iter12_evo_pack" name="test_evo_duplicate_offer_in_items" time="0.151" /><testcase classname="tests.test_iter12_evo_pack" name="test_inactive_evo_offer" time="0.476" /><testcase classname="tests.test_iter12_evo_pack" name="test_price_history_snapshot" time="0.756" /><testcase classname="tests.test_iter12_evo_pack" name="test_orders_me_unauth" time="0.148" /><testcase classname="tests.test_iter12_evo_pack" name="test_orders_me_scoped_and_sorted" time="1.638" /><testcase classname="tests.test_iter12_evo_pack" name="test_admin_seasons_permissions" time="0.445" /></testsuite></testsuites>