<?xml version="1.0" encoding="utf-8"?><testsuites name="pytest tests"><testsuite name="pytest" errors="0" failures="0" skipped="0" tests="3" time="1.222" timestamp="2026-09-19T07:28:21.175553+00:00" hostname="agent-env-d45bf499-b1fb-4195-b74b-ae4a77fb14b4"><testcase classname="tests.test_iter6_extras" name="test_push_config_admin_ok" time="0.618" /><testcase classname="tests.test_iter6_extras" name="test_push_config_non_admin_blocked" time="0.155" /><testcase classname="tests.test_iter6_extras" name="test_products_public_url_works" time="0.143" /></testsuite></testsuites>