<?xml version="1.0" encoding="utf-8"?><testsuites name="pytest tests"><testsuite name="pytest" errors="0" failures="0" skipped="0" tests="27" time="1.803" timestamp="2026-09-19T03:54:39.002383+00:00" hostname="agent-env-f7a4393d-8de9-4f90-9731-e1bd51ca9f52"><testcase classname="tests.test_new_features.TestPushAdmin" name="test_push_endpoints_require_admin" time="0.503" /><testcase classname="tests.test_new_features.TestChatFlow" name="test_customer_start_conversation_idempotent" time="0.502" /><testcase classname="tests.test_new_features.TestPushAdmin" name="test_push_endpoints_require_auth" time="0.002" /><testcase classname="tests.test_new_features.TestChatFlow" name="test_admin_cannot_start_conversation" time="0.464" /><testcase classname="tests.test_new_features.TestChatFlow" name="test_customer_send_message" time="0.010" /><testcase classname="tests.test_new_features.TestPushAdmin" name="test_config_returns_public_key" time="0.466" /><testcase classname="tests.test_new_features.TestPushAdmin" name="test_status_unregistered" time="0.011" /><testcase classname="tests.test_new_features.TestChatFlow" name="test_empty_message_rejected" time="0.005" /><testcase classname="tests.test_new_features.TestPushAdmin" name="test_subscribe_invalid_endpoint_ssrf" time="0.009" /><testcase classname="tests.test_new_features.TestChatFlow" name="test_too_long_message_rejected" time="0.004" /><testcase classname="tests.test_new_features.TestChatFlow" name="test_forged_sender_id_ignored" time="0.008" /><testcase classname="tests.test_new_features.TestPushAdmin" name="test_subscribe_invalid_scheme" time="0.004" /><testcase classname="tests.test_new_features.TestChatFlow" name="test_admin_sees_conversation_in_list" time="0.008" /><testcase classname="tests.test_new_features.TestPushAdmin" name="test_subscribe_invalid_p256dh" time="0.003" /><testcase classname="tests.test_new_features.TestPushAdmin" name="test_subscribe_and_status_and_unsubscribe" time="0.273" /><testcase classname="tests.test_new_features.TestChatFlow" name="test_admin_replies" time="0.005" /><testcase classname="tests.test_new_features.TestChatFlow" name="test_customer_reads_messages_and_marks_read" time="0.019" /><testcase classname="tests.test_new_features.TestChatFlow" name="test_cross_user_isolation" time="0.257" /><testcase classname="tests.test_new_features.TestPushAdmin" name="test_test_send_unknown_endpoint_404" time="0.005" /><testcase classname="tests.test_new_features.TestSubscriptionRule" name="test_first_prime_ok_second_refused" time="0.023" /><testcase classname="tests.test_new_features.TestChatFlow" name="test_customer_sees_only_own" time="0.008" /><testcase classname="tests.test_new_features.TestChatAuth" name="test_conversations_requires_auth" time="0.002" /><testcase classname="tests.test_new_features.TestChatAuth" name="test_start_conversation_requires_auth" time="0.002" /><testcase classname="tests.test_new_features.TestChatAuth" name="test_unread_requires_auth" time="0.002" /><testcase classname="tests.test_new_features.TestSubscriptionRule" name="test_uc_never_limited" time="0.010" /><testcase classname="tests.test_new_features.TestSubscriptionRule" name="test_uc_before_and_after_prime" time="0.013" /><testcase classname="tests.test_new_features.TestSubscriptionRule" name="test_concurrent_first_prime_exactly_one_accepted" time="0.008" /></testsuite></testsuites>