<?xml version="1.0" encoding="utf-8"?><testsuites name="pytest tests"><testsuite name="pytest" errors="0" failures="0" skipped="0" tests="23" time="1.636" timestamp="2026-09-19T10:32:00.081880+00:00" hostname="agent-env-d45bf499-b1fb-4195-b74b-ae4a77fb14b4"><testcase classname="tests.test_iter7_hotfix.TestJWTRegression" name="test_admin_login_returns_token_and_cookies" time="0.229" /><testcase classname="tests.test_iter7_hotfix.TestSubscriptionRules" name="test_first_prime_ok_second_prime_409" time="0.457" /><testcase classname="tests.test_iter7_hotfix.TestJWTRegression" name="test_me_with_bearer" time="0.228" /><testcase classname="tests.test_iter7_hotfix.TestSubscriptionRules" name="test_prime_and_prime_plus_both_allowed" time="0.233" /><testcase classname="tests.test_iter7_hotfix.TestJWTRegression" name="test_me_with_cookie" time="0.228" /><testcase classname="tests.test_iter7_hotfix.TestJWTRegression" name="test_malformed_jwt_returns_401" time="0.002" /><testcase classname="tests.test_iter7_hotfix.TestJWTRegression" name="test_forged_jwt_bad_signature_401" time="0.002" /><testcase classname="tests.test_iter7_hotfix.TestSubscriptionRules" name="test_cart_two_prime_items_400" time="0.002" /><testcase classname="tests.test_iter7_hotfix.TestSubscriptionRules" name="test_cart_prime_quantity_2_400" time="0.002" /><testcase classname="tests.test_iter7_hotfix.TestSubscriptionRules" name="test_cart_uc_plus_prime_plus_primeplus_ok" time="0.006" /><testcase classname="tests.test_iter7_hotfix.TestSubscriptionRules" name="test_uc_only_never_blocked" time="0.007" /><testcase classname="tests.test_iter7_hotfix.TestJWTRegression" name="test_expired_jwt_401" time="0.002" /><testcase classname="tests.test_iter7_hotfix.TestJWTRegression" name="test_jwt_missing_sub_returns_401_not_500" time="0.002" /><testcase classname="tests.test_iter7_hotfix.TestJWTRegression" name="test_jwt_wrong_type_refresh_returns_401" time="0.002" /><testcase classname="tests.test_iter7_hotfix.TestJWTRegression" name="test_jwt_empty_sub_returns_401" time="0.002" /><testcase classname="tests.test_iter7_hotfix.TestJWTRegression" name="test_no_auth_returns_401" time="0.212" /><testcase classname="tests.test_iter7_hotfix.TestAdminGating" name="test_customer_forbidden_admin_orders" time="0.003" /><testcase classname="tests.test_iter7_hotfix.TestSubscriptionRules" name="test_cancel_releases_lock" time="0.469" /><testcase classname="tests.test_iter7_hotfix.TestAdminGating" name="test_admin_ok_admin_orders" time="0.239" /><testcase classname="tests.test_iter7_hotfix.TestAdminGating" name="test_forged_jwt_forbidden_admin" time="0.003" /><testcase classname="tests.test_iter7_hotfix.TestSubscriptionRules" name="test_failed_releases_lock" time="0.009" /><testcase classname="tests.test_iter7_hotfix.TestConcurrency" name="test_concurrent_prime_orders_single_winner" time="0.057" /><testcase classname="tests.test_iter7_hotfix.TestSubscriptionRules" name="test_subscriptions_endpoint_excludes_cancelled" time="0.008" /></testsuite></testsuites>