<?xml version="1.0" encoding="utf-8"?><testsuites name="pytest tests"><testsuite name="pytest" errors="0" failures="0" skipped="0" tests="7" time="1.692" timestamp="2026-09-19T07:28:06.548637+00:00" hostname="agent-env-d45bf499-b1fb-4195-b74b-ae4a77fb14b4"><testcase classname="tests.test_subscription_rule" name="test_uc_plus_prime_plus_primeplus_allowed" time="0.111" /><testcase classname="tests.test_subscription_rule" name="test_same_type_twice_in_one_order_rejected" time="0.064" /><testcase classname="tests.test_subscription_rule" name="test_pending_prime_blocks_prime_only" time="0.243" /><testcase classname="tests.test_subscription_rule" name="test_cancelled_and_failed_release_lock" time="0.405" /><testcase classname="tests.test_subscription_rule" name="test_expired_subscription_allows_repurchase" time="0.217" /><testcase classname="tests.test_subscription_rule" name="test_concurrent_requests_single_winner" time="0.040" /><testcase classname="tests.test_subscription_rule" name="test_admin_transitions_enforced" time="0.239" /></testsuite></testsuites>