<?xml version="1.0" encoding="utf-8"?><testsuites name="pytest tests"><testsuite name="pytest" errors="0" failures="0" skipped="2" tests="84" time="137.039" timestamp="2026-09-19T04:02:34.364389+00:00" hostname="agent-env-f7a4393d-8de9-4f90-9731-e1bd51ca9f52"><testcase classname="tests.backend_test.TestProducts" name="test_all_active_count_22" time="0.004" /><testcase classname="tests.backend_test.TestProducts" name="test_filter_type_uc_14" time="0.003" /><testcase classname="tests.backend_test.TestProducts" name="test_filter_type_prime_8" time="0.003" /><testcase classname="tests.backend_test.TestProducts" name="test_popular_filter" time="0.002" /><testcase classname="tests.backend_test.TestProducts" name="test_price_range_and_sort_asc" time="0.003" /><testcase classname="tests.backend_test.TestProducts" name="test_sort_desc" time="0.003" /><testcase classname="tests.backend_test.TestProducts" name="test_search_q" time="0.003" /><testcase classname="tests.backend_test.TestProducts" name="test_product_detail_with_related" time="0.003" /><testcase classname="tests.backend_test.TestProducts" name="test_product_not_found" time="0.002" /><testcase classname="tests.backend_test.TestAuth" name="test_register_sets_cookies_and_returns_token" time="0.229" /><testcase classname="tests.test_new_features.TestChatFlow" name="test_customer_start_conversation_idempotent" time="0.962" /><testcase classname="tests.backend_test.TestAuth" name="test_register_duplicate_email" time="0.452" /><testcase classname="tests.backend_test.TestAuth" name="test_login_admin_ok" time="0.266" /><testcase classname="tests.backend_test.TestAuth" name="test_login_wrong_password" time="0.227" /><testcase classname="tests.backend_test.TestAuth" name="test_5_wrong_attempts_lock" time="0.240" /><testcase classname="tests.backend_test.TestAuth" name="test_me_with_bearer" time="0.002" /><testcase classname="tests.backend_test.TestAuth" name="test_me_with_cookie" time="0.000"><skipped type="pytest.skip" message="Cookies are Secure+SameSite=None; requests won't send them over plain HTTP. Prod uses HTTPS.">/app/backend/tests/backend_test.py:162: Cookies are Secure+SameSite=None; requests won't send them over plain HTTP. Prod uses HTTPS.</skipped></testcase><testcase classname="tests.backend_test.TestAuth" name="test_patch_me" time="0.003" /><testcase classname="tests.backend_test.TestAuth" name="test_logout_clears_cookies" time="0.000"><skipped type="pytest.skip" message="Cookies are Secure+SameSite=None; requests won't send them over plain HTTP. Prod uses HTTPS.">/app/backend/tests/backend_test.py:182: Cookies are Secure+SameSite=None; requests won't send them over plain HTTP. Prod uses HTTPS.</skipped></testcase><testcase classname="tests.backend_test.TestOrders" name="test_create_mvola_requires_phone" time="0.005" /><testcase classname="tests.test_new_features.TestChatFlow" name="test_admin_cannot_start_conversation" time="0.610" /><testcase classname="tests.backend_test.TestOrders" name="test_invalid_pubg_id_short" time="0.005" /><testcase classname="tests.backend_test.TestOrders" name="test_invalid_pubg_id_nondigit" time="0.004" /><testcase classname="tests.backend_test.TestOrders" name="test_unknown_product" time="0.003" /><testcase classname="tests.backend_test.TestOrders" name="test_create_mvola_order" time="0.006" /><testcase classname="tests.backend_test.TestOrders" name="test_manual_order_awaiting_verification" time="0.006" /><testcase classname="tests.backend_test.TestOrders" name="test_track_wrong_pubg_id" time="0.010" /><testcase classname="tests.backend_test.TestOrders" name="test_orders_me_requires_auth" time="0.002" /><testcase classname="tests.backend_test.TestOrders" name="test_authed_order_links_user_and_saves_pubg_id" time="0.011" /><testcase classname="tests.test_new_features.TestChatFlow" name="test_customer_send_message" time="0.272" /><testcase classname="tests.test_new_features.TestPushAdmin" name="test_push_endpoints_require_admin" time="0.892" /><testcase classname="tests.test_new_features.TestChatFlow" name="test_empty_message_rejected" time="0.141" /><testcase classname="tests.test_new_features.TestChatFlow" name="test_too_long_message_rejected" time="0.140" /><testcase classname="tests.test_new_features.TestChatFlow" name="test_forged_sender_id_ignored" time="0.108" /><testcase classname="tests.test_new_features.TestChatFlow" name="test_admin_sees_conversation_in_list" time="0.120" /><testcase classname="tests.test_new_features.TestChatFlow" name="test_admin_replies" time="0.124" /><testcase classname="tests.test_new_features.TestPushAdmin" name="test_push_endpoints_require_auth" time="0.138" /><testcase classname="tests.test_new_features.TestChatFlow" name="test_customer_reads_messages_and_marks_read" time="0.590" /><testcase classname="tests.test_new_features.TestPushAdmin" name="test_config_returns_public_key" time="0.479" /><testcase classname="tests.test_new_features.TestPushAdmin" name="test_status_unregistered" time="0.130" /><testcase classname="tests.test_new_features.TestPushAdmin" name="test_subscribe_invalid_endpoint_ssrf" time="0.276" /><testcase classname="tests.test_new_features.TestPushAdmin" name="test_subscribe_invalid_scheme" time="0.120" /><testcase classname="tests.test_new_features.TestChatFlow" name="test_cross_user_isolation" time="0.779" /><testcase classname="tests.test_new_features.TestPushAdmin" name="test_subscribe_invalid_p256dh" time="0.121" /><testcase classname="tests.test_new_features.TestPushAdmin" name="test_subscribe_and_status_and_unsubscribe" time="1.026" /><testcase classname="tests.test_new_features.TestChatFlow" name="test_customer_sees_only_own" time="0.229" /><testcase classname="tests.backend_test.TestAdmin" name="test_customer_forbidden_on_admin" time="0.235" /><testcase classname="tests.backend_test.TestAdmin" name="test_admin_orders_and_filter" time="0.274" /><testcase classname="tests.backend_test.TestAdmin" name="test_admin_patch_and_delete_order" time="0.017" /><testcase classname="tests.backend_test.TestAdmin" name="test_admin_stats" time="0.005" /><testcase classname="tests.backend_test.TestAdmin" name="test_admin_export_csv" time="0.003" /><testcase classname="tests.backend_test.TestAdmin" name="test_admin_status_toggle" time="0.008" /><testcase classname="tests.backend_test.TestAdmin" name="test_products_crud" time="0.008" /><testcase classname="tests.backend_test.TestAdmin" name="test_events_crud_and_like" time="0.014" /><testcase classname="tests.test_new_features.TestPushAdmin" name="test_test_send_unknown_endpoint_404" time="0.116" /><testcase classname="tests.backend_test.TestPayments" name="test_initiate_simulated" time="0.009" /><testcase classname="tests.backend_test.TestPayments" name="test_status_pending_then_completed" time="10.015" /><testcase classname="tests.test_iter4_missing.TestPushService" name="test_send_performs_vapid_sign_and_calls_transport" time="0.202" /><testcase classname="tests.test_iter4_missing.TestPushService" name="test_send_push_404_deletes_subscription" time="0.002" /><testcase classname="tests.test_iter4_missing.TestPushService" name="test_send_push_410_deletes_subscription" time="0.001" /><testcase classname="tests.test_iter4_missing.TestPushService" name="test_send_push_500_retains_subscription" time="0.001" /><testcase classname="tests.test_iter4_missing.TestPushService" name="test_send_push_timeout_retains_subscription" time="0.001" /><testcase classname="tests.test_iter4_missing.TestPushService" name="test_notify_new_order_targets_admins_only" time="0.001" /><testcase classname="tests.test_new_features.TestSubscriptionRule" name="test_first_prime_ok_second_refused" time="0.409" /><testcase classname="tests.test_new_features.TestSubscriptionRule" name="test_uc_never_limited" time="43.767" /><testcase classname="tests.backend_test.TestPayments" name="test_admin_simulate_failed" time="0.013" /><testcase classname="tests.backend_test.TestPayments" name="test_mvola_callback_removed" time="0.002" /><testcase classname="tests.backend_test.TestPayments" name="test_orange_notification_removed" time="0.002" /><testcase classname="tests.backend_test.TestPayments" name="test_payments_config" time="0.003" /><testcase classname="tests.backend_test.TestPayments" name="test_papi_notification_unsigned_401" time="0.002" /><testcase classname="tests.test_iter4_missing.TestSubscriptionExtras" name="test_prime_then_prime_plus_refused" time="39.515" /><testcase classname="tests.test_new_features.TestSubscriptionRule" name="test_uc_before_and_after_prime" time="10.099" /><testcase classname="tests.test_iter4_missing.TestSubscriptionExtras" name="test_mixed_cart_reserves_slot" time="19.943" /><testcase classname="tests.test_new_features.TestSubscriptionRule" name="test_concurrent_first_prime_exactly_one_accepted" time="0.327" /><testcase classname="tests.test_iter4_missing.TestChatPagination" name="test_history_older_than_50_via_before_cursor" time="20.083" /><testcase classname="tests.test_iter4_missing.TestSubscriptionExtras" name="test_cancelled_and_failed_still_block" time="0.856" /><testcase classname="tests.test_new_features.TestChatAuth" name="test_conversations_requires_auth" time="0.141" /><testcase classname="tests.test_new_features.TestChatAuth" name="test_start_conversation_requires_auth" time="0.113" /><testcase classname="tests.test_new_features.TestChatAuth" name="test_unread_requires_auth" time="0.207" /><testcase classname="tests.backend_test.TestHealth" name="test_health_root" time="0.003" /><testcase classname="tests.backend_test.TestHealth" name="test_api_root" time="0.002" /><testcase classname="tests.test_iter4_missing.TestNewOrderDispatch" name="test_new_order_success_schedules_notify" time="0.754" /><testcase classname="tests.test_iter4_missing.TestChatPagination" name="test_unread_endpoint_returns_zero_for_own_sent_messages" time="0.935" /><testcase classname="tests.test_iter4_missing.TestChatPagination" name="test_admin_reply_creates_unread_for_customer" time="56.121" /></testsuite></testsuites>