<?xml version="1.0" encoding="utf-8"?><testsuites name="pytest tests"><testsuite name="pytest" errors="0" failures="0" skipped="0" tests="26" time="2.095" timestamp="2026-09-25T08:32:44.863983+00:00" hostname="agent-env-338e6cb2-3a3d-48cc-aae8-2a8d2303072e"><testcase classname="tests.test_fzr_phase3.TestFulfillPreconditions" name="test_payment_not_confirmed_no_provider_order" time="0.021" /><testcase classname="tests.test_fzr_phase3.TestWebhook" name="test_signature_valid" time="0.002" /><testcase classname="tests.test_fzr_phase3.TestWebhook" name="test_signature_invalid_or_missing_secret" time="0.000" /><testcase classname="tests.test_fzr_phase3.TestWebhook" name="test_webhook_event_completes_order" time="0.045" /><testcase classname="tests.test_fzr_phase3.TestFulfillPreconditions" name="test_unmapped_product_not_eligible" time="0.003" /><testcase classname="tests.test_fzr_phase3.TestFulfillPreconditions" name="test_invalid_player_id_no_order" time="0.006" /><testcase classname="tests.test_fzr_phase3.TestFulfillPreconditions" name="test_provider_down_is_service_error_not_invalid_id" time="0.005" /><testcase classname="tests.test_fzr_phase3.TestFulfillPreconditions" name="test_offer_gone_from_live_catalog" time="0.006" /><testcase classname="tests.test_fzr_phase3.TestFulfillPreconditions" name="test_multi_item_order_not_eligible" time="0.002" /><testcase classname="tests.test_fzr_phase3.TestWebhook" name="test_webhook_unknown_order_ignored" time="0.002" /><testcase classname="tests.test_fzr_phase3.TestIdempotencyRetry" name="test_timeout_then_retry_reuses_same_key" time="0.057" /><testcase classname="tests.test_fzr_phase3.TestWebhook" name="test_live_endpoint_rejects_unsigned" time="0.340" /><testcase classname="tests.test_fzr_phase3.TestIdempotencyRetry" name="test_insufficient_balance_maps_to_409_and_error_state" time="0.014" /><testcase classname="tests.test_fzr_phase3.TestIdempotencyRetry" name="test_provider_5xx_maps_to_502" time="0.010" /><testcase classname="tests.test_fzr_phase3.TestMemorizedIdRevalidation" name="test_revalidation_returns_current_player_name" time="0.001" /><testcase classname="tests.test_fzr_phase3.TestMemorizedIdRevalidation" name="test_id_became_invalid" time="0.001" /><testcase classname="tests.test_fzr_phase3.TestMemorizedIdRevalidation" name="test_service_down_is_not_invalid_id" time="0.002" /><testcase classname="tests.test_fzr_phase3.TestFulfillSuccess" name="test_order_accepted_snapshot_and_provider_id" time="0.012" /><testcase classname="tests.test_fzr_phase3.TestFulfillSuccess" name="test_double_fulfill_rejected" time="0.013" /><testcase classname="tests.test_fzr_phase3.TestStatusSync" name="test_refresh_status_completed_delivers_mgs_order" time="0.025" /><testcase classname="tests.test_fzr_phase3.TestStatusSync" name="test_refresh_without_provider_order_404" time="0.003" /><testcase classname="tests.test_fzr_phase3.TestPriceSnapshot" name="test_price_change_never_touches_past_order" time="0.013" /><testcase classname="tests.test_fzr_phase3.TestPriceSnapshot" name="test_no_secret_in_fulfillment_record" time="0.010" /><testcase classname="tests.test_fzr_phase3.TestAutoMode" name="test_auto_disabled_by_default_no_order" time="0.004" /><testcase classname="tests.test_fzr_phase3.TestAutoMode" name="test_auto_enabled_creates_order_with_all_checks" time="0.014" /><testcase classname="tests.test_fzr_phase3.TestAutoMode" name="test_auto_kill_switch_off_stops_fulfillment" time="0.005" /></testsuite></testsuites>