<?xml version="1.0" encoding="utf-8"?><testsuites name="pytest tests"><testsuite name="pytest" errors="0" failures="1" skipped="0" tests="40" time="85.696" timestamp="2026-09-18T08:06:31.864386+00:00" hostname="agent-env-f77a7825-f2f5-46d7-9c32-b78915607c91"><testcase classname="tests.backend_test.TestAuth" name="test_register_sets_cookies_and_returns_token" time="0.495" /><testcase classname="tests.backend_test.TestProducts" name="test_all_active_count_22" time="0.228" /><testcase classname="tests.backend_test.TestProducts" name="test_filter_type_uc_14" time="0.227" /><testcase classname="tests.backend_test.TestProducts" name="test_filter_type_prime_8" time="0.132" /><testcase classname="tests.backend_test.TestProducts" name="test_popular_filter" time="0.256" /><testcase classname="tests.backend_test.TestProducts" name="test_price_range_and_sort_asc" time="0.122" /><testcase classname="tests.backend_test.TestAuth" name="test_register_duplicate_email" time="0.467" /><testcase classname="tests.backend_test.TestProducts" name="test_sort_desc" time="0.283" /><testcase classname="tests.backend_test.TestProducts" name="test_search_q" time="0.114" /><testcase classname="tests.backend_test.TestAuth" name="test_login_admin_ok" time="0.293" /><testcase classname="tests.backend_test.TestAuth" name="test_login_wrong_password" time="0.375" /><testcase classname="tests.backend_test.TestProducts" name="test_product_detail_with_related" time="0.263" /><testcase classname="tests.backend_test.TestProducts" name="test_product_not_found" time="0.110" /><testcase classname="tests.backend_test.TestAuth" name="test_5_wrong_attempts_lock" time="1.046"><failure message="AssertionError: expected 429 after ~5 wrong attempts, got: [401, 401, 401, 401, 401, 401, 401, 401]. LIKELY BUG: brute-force lockout keyed on request.client.host which rotates behind proxy.&#10;assert 429 in [401, 401, 401, 401, 401, 401, ...]">E   AssertionError: expected 429 after ~5 wrong attempts, got: [401, 401, 401, 401, 401, 401, 401, 401]. LIKELY BUG: brute-force lockout keyed on request.client.host which rotates behind proxy.
    assert 429 in [401, 401, 401, 401, 401, 401, ...]</failure></testcase><testcase classname="tests.backend_test.TestOrders" name="test_create_mvola_requires_phone" time="0.254" /><testcase classname="tests.backend_test.TestOrders" name="test_invalid_pubg_id_short" time="0.257" /><testcase classname="tests.backend_test.TestOrders" name="test_invalid_pubg_id_nondigit" time="0.222" /><testcase classname="tests.backend_test.TestOrders" name="test_unknown_product" time="0.148" /><testcase classname="tests.backend_test.TestOrders" name="test_create_mvola_order" time="0.225" /><testcase classname="tests.backend_test.TestAuth" name="test_me_with_bearer" time="0.111" /><testcase classname="tests.backend_test.TestAuth" name="test_me_with_cookie" time="0.422" /><testcase classname="tests.backend_test.TestOrders" name="test_manual_order_awaiting_verification" time="0.386" /><testcase classname="tests.backend_test.TestAuth" name="test_patch_me" time="0.110" /><testcase classname="tests.backend_test.TestOrders" name="test_track_wrong_pubg_id" time="0.739" /><testcase classname="tests.backend_test.TestAuth" name="test_logout_clears_cookies" time="0.595" /><testcase classname="tests.backend_test.TestAdmin" name="test_customer_forbidden_on_admin" time="0.105" /><testcase classname="tests.backend_test.TestOrders" name="test_orders_me_requires_auth" time="0.136" /><testcase classname="tests.backend_test.TestAdmin" name="test_admin_orders_and_filter" time="0.129" /><testcase classname="tests.backend_test.TestAdmin" name="test_admin_patch_and_delete_order" time="0.680" /><testcase classname="tests.backend_test.TestOrders" name="test_authed_order_links_user_and_saves_pubg_id" time="0.795" /><testcase classname="tests.backend_test.TestAdmin" name="test_admin_stats" time="0.138" /><testcase classname="tests.backend_test.TestPayments" name="test_initiate_simulated" time="0.420" /><testcase classname="tests.backend_test.TestAdmin" name="test_admin_export_csv" time="0.149" /><testcase classname="tests.backend_test.TestAdmin" name="test_admin_status_toggle" time="0.506" /><testcase classname="tests.backend_test.TestPayments" name="test_status_pending_then_completed" time="78.635" /><testcase classname="tests.backend_test.TestAdmin" name="test_products_crud" time="0.377" /><testcase classname="tests.backend_test.TestAdmin" name="test_events_crud_and_like" time="0.550" /><testcase classname="tests.backend_test.TestPayments" name="test_admin_simulate_failed" time="0.933" /><testcase classname="tests.backend_test.TestPayments" name="test_mvola_callback_unknown_id" time="0.135" /><testcase classname="tests.backend_test.TestPayments" name="test_orange_notification_unknown_token" time="0.114" /></testsuite></testsuites>