<?xml version="1.0" encoding="utf-8"?><testsuites name="pytest tests"><testsuite name="pytest" errors="0" failures="0" skipped="2" tests="44" time="12.178" timestamp="2026-09-18T16:23:30.985180+00:00" hostname="agent-env-f7a4393d-8de9-4f90-9731-e1bd51ca9f52"><testcase classname="tests.backend_test.TestAuth" name="test_register_sets_cookies_and_returns_token" time="0.254" /><testcase classname="tests.backend_test.TestProducts" name="test_all_active_count_22" time="0.252" /><testcase classname="tests.backend_test.TestProducts" name="test_filter_type_uc_14" time="0.004" /><testcase classname="tests.backend_test.TestProducts" name="test_filter_type_prime_8" time="0.237" /><testcase classname="tests.backend_test.TestAuth" name="test_register_duplicate_email" time="0.243" /><testcase classname="tests.backend_test.TestProducts" name="test_popular_filter" time="0.003" /><testcase classname="tests.backend_test.TestProducts" name="test_price_range_and_sort_asc" time="0.241" /><testcase classname="tests.backend_test.TestProducts" name="test_sort_desc" time="0.003" /><testcase classname="tests.backend_test.TestProducts" name="test_search_q" time="0.003" /><testcase classname="tests.backend_test.TestProducts" name="test_product_detail_with_related" time="0.003" /><testcase classname="tests.backend_test.TestProducts" name="test_product_not_found" time="0.004" /><testcase classname="tests.backend_test.TestOrders" name="test_create_mvola_requires_phone" time="0.004" /><testcase classname="tests.backend_test.TestOrders" name="test_invalid_pubg_id_short" time="0.004" /><testcase classname="tests.backend_test.TestOrders" name="test_invalid_pubg_id_nondigit" time="0.003" /><testcase classname="tests.backend_test.TestOrders" name="test_unknown_product" time="0.002" /><testcase classname="tests.backend_test.TestOrders" name="test_create_mvola_order" time="0.005" /><testcase classname="tests.backend_test.TestOrders" name="test_manual_order_awaiting_verification" time="0.005" /><testcase classname="tests.backend_test.TestAuth" name="test_login_admin_ok" time="0.281" /><testcase classname="tests.backend_test.TestAuth" name="test_login_wrong_password" time="0.245" /><testcase classname="tests.backend_test.TestOrders" name="test_track_wrong_pubg_id" time="0.248" /><testcase classname="tests.backend_test.TestAuth" name="test_5_wrong_attempts_lock" time="0.256" /><testcase classname="tests.backend_test.TestOrders" name="test_orders_me_requires_auth" time="0.001" /><testcase classname="tests.backend_test.TestOrders" name="test_authed_order_links_user_and_saves_pubg_id" time="0.251" /><testcase classname="tests.backend_test.TestAuth" name="test_me_with_bearer" time="0.002" /><testcase classname="tests.backend_test.TestAdmin" name="test_customer_forbidden_on_admin" time="0.002" /><testcase classname="tests.backend_test.TestAuth" name="test_me_with_cookie" time="0.000"><skipped type="pytest.skip" message="Cookies are Secure+SameSite=None; requests won't send them over plain HTTP. Prod uses HTTPS.">/app/backend/tests/backend_test.py:162: Cookies are Secure+SameSite=None; requests won't send them over plain HTTP. Prod uses HTTPS.</skipped></testcase><testcase classname="tests.backend_test.TestAuth" name="test_patch_me" time="0.255" /><testcase classname="tests.backend_test.TestAuth" name="test_logout_clears_cookies" time="0.000"><skipped type="pytest.skip" message="Cookies are Secure+SameSite=None; requests won't send them over plain HTTP. Prod uses HTTPS.">/app/backend/tests/backend_test.py:182: Cookies are Secure+SameSite=None; requests won't send them over plain HTTP. Prod uses HTTPS.</skipped></testcase><testcase classname="tests.backend_test.TestPayments" name="test_initiate_simulated" time="0.008" /><testcase classname="tests.backend_test.TestPayments" name="test_status_pending_then_completed" time="10.017" /><testcase classname="tests.backend_test.TestAdmin" name="test_admin_orders_and_filter" time="0.301" /><testcase classname="tests.backend_test.TestAdmin" name="test_admin_patch_and_delete_order" time="0.012" /><testcase classname="tests.backend_test.TestAdmin" name="test_admin_stats" time="0.005" /><testcase classname="tests.backend_test.TestAdmin" name="test_admin_export_csv" time="0.003" /><testcase classname="tests.backend_test.TestAdmin" name="test_admin_status_toggle" time="0.007" /><testcase classname="tests.backend_test.TestAdmin" name="test_products_crud" time="0.007" /><testcase classname="tests.backend_test.TestAdmin" name="test_events_crud_and_like" time="0.012" /><testcase classname="tests.backend_test.TestHealth" name="test_health_root" time="0.001" /><testcase classname="tests.backend_test.TestHealth" name="test_api_root" time="0.001" /><testcase classname="tests.backend_test.TestPayments" name="test_admin_simulate_failed" time="0.012" /><testcase classname="tests.backend_test.TestPayments" name="test_mvola_callback_removed" time="0.001" /><testcase classname="tests.backend_test.TestPayments" name="test_orange_notification_removed" time="0.001" /><testcase classname="tests.backend_test.TestPayments" name="test_payments_config" time="0.001" /><testcase classname="tests.backend_test.TestPayments" name="test_papi_notification_unsigned_401" time="0.001" /></testsuite></testsuites>